Compiling the C compiler identification source file "CMakeCCompilerId.c" failed.
Compiler:  
Build flags: 
Id flags:  

The output was:
1
Microsoft (R) Build Engine version 16.8.2+25e4d540b for .NET Framework
Copyright (C) Microsoft Corporation. All rights reserved.

Build started 21-11-2021 14:52:11.
Project "F:\github\cpp_opencv_projects\age_detection\build\CMakeFiles\3.22.0-rc3\CompilerIdC\CompilerIdC.vcxproj" on node 1 (default targets).
PrepareForBuild:
  Creating directory "Debug\".
  Creating directory "Debug\CompilerIdC.tlog\".
InitializeBuildStatus:
  Creating "Debug\CompilerIdC.tlog\unsuccessfulbuild" because "AlwaysCreate" was specified.
VcpkgTripletSelection:
  Using triplet "x64-windows" from "F:\python_workspace\necessities\vcpkg\installed\\x64-windows\"
ClCompile:
  C:\Program Files (x86)\Microsoft Visual Studio\2019\Community\VC\Tools\MSVC\14.28.29333\bin\HostX64\x64\CL.exe /c /I"F:\python_workspace\necessities\vcpkg\installed\\x64-windows\include" /nologo /W0 /WX- /diagnostics:column /Od /D _MBCS /Gm- /EHsc /RTC1 /MDd /GS /Zc:wchar_t /Zc:forScope /Zc:inline /Fo"Debug\\" /Fd"Debug\vc142.pdb" /Gd /TC /FC /errorReport:queue CMakeCCompilerId.c
  CMakeCCompilerId.c
Link:
  C:\Program Files (x86)\Microsoft Visual Studio\2019\Community\VC\Tools\MSVC\14.28.29333\bin\HostX64\x64\link.exe /ERRORREPORT:QUEUE /OUT:".\CompilerIdC.exe" /INCREMENTAL:NO /NOLOGO /LIBPATH:"F:\python_workspace\necessities\vcpkg\installed\\x64-windows\debug\lib" /LIBPATH:"F:\python_workspace\necessities\vcpkg\installed\\x64-windows\debug\lib\manual-link" kernel32.lib user32.lib gdi32.lib winspool.lib comdlg32.lib advapi32.lib shell32.lib ole32.lib oleaut32.lib uuid.lib odbc32.lib odbccp32.lib "F:\python_workspace\necessities\vcpkg\installed\\x64-windows\debug\lib\*.lib" /MANIFEST /MANIFESTUAC:"level='asInvoker' uiAccess='false'" /manifest:embed /PDB:".\CompilerIdC.pdb" /SUBSYSTEM:CONSOLE /TLBID:1 /DYNAMICBASE /NXCOMPAT /IMPLIB:".\CompilerIdC.lib" /MACHINE:X64 Debug\CMakeCCompilerId.obj
LINK : fatal error RC1109: error creating C:\Users\nkele\AppData\Local\Temp\lnk{D033B337-2566-470E-9333-815375C5AC30}.tmp [F:\github\cpp_opencv_projects\age_detection\build\CMakeFiles\3.22.0-rc3\CompilerIdC\CompilerIdC.vcxproj]
  
LINK : fatal error LNK1327: failure during running rc.exe [F:\github\cpp_opencv_projects\age_detection\build\CMakeFiles\3.22.0-rc3\CompilerIdC\CompilerIdC.vcxproj]
Done Building Project "F:\github\cpp_opencv_projects\age_detection\build\CMakeFiles\3.22.0-rc3\CompilerIdC\CompilerIdC.vcxproj" (default targets) -- FAILED.

Build FAILED.

"F:\github\cpp_opencv_projects\age_detection\build\CMakeFiles\3.22.0-rc3\CompilerIdC\CompilerIdC.vcxproj" (default target) (1) ->
(Link target) -> 
  LINK : fatal error RC1109: error creating C:\Users\nkele\AppData\Local\Temp\lnk{D033B337-2566-470E-9333-815375C5AC30}.tmp [F:\github\cpp_opencv_projects\age_detection\build\CMakeFiles\3.22.0-rc3\CompilerIdC\CompilerIdC.vcxproj]
  LINK : fatal error LNK1327: failure during running rc.exe [F:\github\cpp_opencv_projects\age_detection\build\CMakeFiles\3.22.0-rc3\CompilerIdC\CompilerIdC.vcxproj]

    0 Warning(s)
    2 Error(s)

Time Elapsed 00:00:01.36


